# JRE version: OpenJDK Runtime Environment (8.0_242-b01) (build 1.8.0_242-release-1644-b01)
# Java VM: OpenJDK 64-Bit Server VM (25.242-b01 mixed mode windows-amd64 compressed oops)
Heap:
 PSYoungGen      total 239104K, used 47434K [0x00000000e0000000, 0x00000000f4c80000, 0x0000000100000000)
  eden space 226816K, 20% used [0x00000000e0000000,0x00000000e2e52950,0x00000000edd80000)
  from space 12288K, 0% used [0x00000000edd80000,0x00000000edd80000,0x00000000ee980000)
  to   space 11776K, 0% used [0x00000000f4100000,0x00000000f4100000,0x00000000f4c80000)
 ParOldGen       total 50176K, used 15094K [0x00000000a0000000, 0x00000000a3100000, 0x00000000e0000000)
  object space 50176K, 30% used [0x00000000a0000000,0x00000000a0ebd828,0x00000000a3100000)
 Metaspace       used 37291K, capacity 38140K, committed 38272K, reserved 1083392K
  class space    used 4942K, capacity 5214K, committed 5248K, reserved 1048576K
GC Heap History (10 events):
Event: 18.707 GC heap before
{Heap before GC invocations=11 (full 1):
 PSYoungGen      total 125440K, used 125438K [0x00000000e0000000, 0x00000000eb880000, 0x0000000100000000)
  eden space 116224K, 100% used [0x00000000e0000000,0x00000000e7180000,0x00000000e7180000)
  from space 9216K, 99% used [0x00000000e7180000,0x00000000e7a7f9b0,0x00000000e7a80000)
  to   space 12288K, 0% used [0x00000000eac80000,0x00000000eac80000,0x00000000eb880000)
 ParOldGen       total 31744K, used 12839K [0x00000000a0000000, 0x00000000a1f00000, 0x00000000e0000000)
  object space 31744K, 40% used [0x00000000a0000000,0x00000000a0c89d98,0x00000000a1f00000)
 Metaspace       used 33117K, capacity 33776K, committed 34176K, reserved 1079296K
  class space    used 4477K, capacity 4687K, committed 4736K, reserved 1048576K
Event: 18.729 GC heap after
Heap after GC invocations=11 (full 1):
 PSYoungGen      total 176128K, used 8848K [0x00000000e0000000, 0x00000000ebb00000, 0x0000000100000000)
  eden space 163840K, 0% used [0x00000000e0000000,0x00000000e0000000,0x00000000ea000000)
  from space 12288K, 72% used [0x00000000eac80000,0x00000000eb524340,0x00000000eb880000)
  to   space 12800K, 0% used [0x00000000ea000000,0x00000000ea000000,0x00000000eac80000)
 ParOldGen       total 31744K, used 12847K [0x00000000a0000000, 0x00000000a1f00000, 0x00000000e0000000)
  object space 31744K, 40% used [0x00000000a0000000,0x00000000a0c8bd98,0x00000000a1f00000)
 Metaspace       used 33117K, capacity 33776K, committed 34176K, reserved 1079296K
  class space    used 4477K, capacity 4687K, committed 4736K, reserved 1048576K
}
Event: 22.680 GC heap before
{Heap before GC invocations=12 (full 1):
 PSYoungGen      total 176128K, used 172688K [0x00000000e0000000, 0x00000000ebb00000, 0x0000000100000000)
  eden space 163840K, 100% used [0x00000000e0000000,0x00000000ea000000,0x00000000ea000000)
  from space 12288K, 72% used [0x00000000eac80000,0x00000000eb524340,0x00000000eb880000)
  to   space 12800K, 0% used [0x00000000ea000000,0x00000000ea000000,0x00000000eac80000)
 ParOldGen       total 31744K, used 12847K [0x00000000a0000000, 0x00000000a1f00000, 0x00000000e0000000)
  object space 31744K, 40% used [0x00000000a0000000,0x00000000a0c8bd98,0x00000000a1f00000)
 Metaspace       used 33682K, capacity 34324K, committed 34560K, reserved 1079296K
  class space    used 4525K, capacity 4738K, committed 4864K, reserved 1048576K
Event: 22.700 GC heap after
Heap after GC invocations=12 (full 1):
 PSYoungGen      total 176640K, used 1680K [0x00000000e0000000, 0x00000000efa00000, 0x0000000100000000)
  eden space 163840K, 0% used [0x00000000e0000000,0x00000000e0000000,0x00000000ea000000)
  from space 12800K, 13% used [0x00000000ea000000,0x00000000ea1a40e8,0x00000000eac80000)
  to   space 12800K, 0% used [0x00000000eed80000,0x00000000eed80000,0x00000000efa00000)
 ParOldGen       total 31744K, used 18025K [0x00000000a0000000, 0x00000000a1f00000, 0x00000000e0000000)
  object space 31744K, 56% used [0x00000000a0000000,0x00000000a119a610,0x00000000a1f00000)
 Metaspace       used 33682K, capacity 34324K, committed 34560K, reserved 1079296K
  class space    used 4525K, capacity 4738K, committed 4864K, reserved 1048576K
}
Event: 26.343 GC heap before
{Heap before GC invocations=13 (full 1):
 PSYoungGen      total 176640K, used 165520K [0x00000000e0000000, 0x00000000efa00000, 0x0000000100000000)
  eden space 163840K, 100% used [0x00000000e0000000,0x00000000ea000000,0x00000000ea000000)
  from space 12800K, 13% used [0x00000000ea000000,0x00000000ea1a40e8,0x00000000eac80000)
  to   space 12800K, 0% used [0x00000000eed80000,0x00000000eed80000,0x00000000efa00000)
 ParOldGen       total 31744K, used 18025K [0x00000000a0000000, 0x00000000a1f00000, 0x00000000e0000000)
  object space 31744K, 56% used [0x00000000a0000000,0x00000000a119a610,0x00000000a1f00000)
 Metaspace       used 33682K, capacity 34324K, committed 34560K, reserved 1079296K
  class space    used 4525K, capacity 4738K, committed 4864K, reserved 1048576K
Event: 26.358 GC heap after
Heap after GC invocations=13 (full 1):
 PSYoungGen      total 235008K, used 5298K [0x00000000e0000000, 0x00000000ef580000, 0x0000000100000000)
  eden space 226816K, 0% used [0x00000000e0000000,0x00000000e0000000,0x00000000edd80000)
  from space 8192K, 64% used [0x00000000eed80000,0x00000000ef2ac970,0x00000000ef580000)
  to   space 12288K, 0% used [0x00000000edd80000,0x00000000edd80000,0x00000000ee980000)
 ParOldGen       total 31744K, used 19417K [0x00000000a0000000, 0x00000000a1f00000, 0x00000000e0000000)
  object space 31744K, 61% used [0x00000000a0000000,0x00000000a12f6560,0x00000000a1f00000)
 Metaspace       used 33682K, capacity 34324K, committed 34560K, reserved 1079296K
  class space    used 4525K, capacity 4738K, committed 4864K, reserved 1048576K
}
Event: 28.438 GC heap before
{Heap before GC invocations=14 (full 1):
 PSYoungGen      total 235008K, used 118545K [0x00000000e0000000, 0x00000000ef580000, 0x0000000100000000)
  eden space 226816K, 49% used [0x00000000e0000000,0x00000000e6e97e50,0x00000000edd80000)
  from space 8192K, 64% used [0x00000000eed80000,0x00000000ef2ac970,0x00000000ef580000)
  to   space 12288K, 0% used [0x00000000edd80000,0x00000000edd80000,0x00000000ee980000)
 ParOldGen       total 31744K, used 19417K [0x00000000a0000000, 0x00000000a1f00000, 0x00000000e0000000)
  object space 31744K, 61% used [0x00000000a0000000,0x00000000a12f6560,0x00000000a1f00000)
 Metaspace       used 34599K, capacity 35460K, committed 35496K, reserved 1079296K
  class space    used 4610K, capacity 4857K, committed 4864K, reserved 1048576K
Event: 28.465 GC heap after
Heap after GC invocations=14 (full 1):
 PSYoungGen      total 239104K, used 4228K [0x00000000e0000000, 0x00000000f4c80000, 0x0000000100000000)
  eden space 226816K, 0% used [0x00000000e0000000,0x00000000e0000000,0x00000000edd80000)
  from space 12288K, 34% used [0x00000000edd80000,0x00000000ee1a1058,0x00000000ee980000)
  to   space 11776K, 0% used [0x00000000f4100000,0x00000000f4100000,0x00000000f4c80000)
 ParOldGen       total 31744K, used 24617K [0x00000000a0000000, 0x00000000a1f00000, 0x00000000e0000000)
  object space 31744K, 77% used [0x00000000a0000000,0x00000000a180a560,0x00000000a1f00000)
 Metaspace       used 34599K, capacity 35460K, committed 35496K, reserved 1079296K
  class space    used 4610K, capacity 4857K, committed 4864K, reserved 1048576K
}
Event: 28.465 GC heap before
{Heap before GC invocations=15 (full 2):
 PSYoungGen      total 239104K, used 4228K [0x00000000e0000000, 0x00000000f4c80000, 0x0000000100000000)
  eden space 226816K, 0% used [0x00000000e0000000,0x00000000e0000000,0x00000000edd80000)
  from space 12288K, 34% used [0x00000000edd80000,0x00000000ee1a1058,0x00000000ee980000)
  to   space 11776K, 0% used [0x00000000f4100000,0x00000000f4100000,0x00000000f4c80000)
 ParOldGen       total 31744K, used 24617K [0x00000000a0000000, 0x00000000a1f00000, 0x00000000e0000000)
  object space 31744K, 77% used [0x00000000a0000000,0x00000000a180a560,0x00000000a1f00000)
 Metaspace       used 34599K, capacity 35460K, committed 35496K, reserved 1079296K
  class space    used 4610K, capacity 4857K, committed 4864K, reserved 1048576K
Event: 28.629 GC heap after
Heap after GC invocations=15 (full 2):
 PSYoungGen      total 239104K, used 0K [0x00000000e0000000, 0x00000000f4c80000, 0x0000000100000000)
  eden space 226816K, 0% used [0x00000000e0000000,0x00000000e0000000,0x00000000edd80000)
  from space 12288K, 0% used [0x00000000edd80000,0x00000000edd80000,0x00000000ee980000)
  to   space 11776K, 0% used [0x00000000f4100000,0x00000000f4100000,0x00000000f4c80000)
 ParOldGen       total 50176K, used 15094K [0x00000000a0000000, 0x00000000a3100000, 0x00000000e0000000)
  object space 50176K, 30% used [0x00000000a0000000,0x00000000a0ebd828,0x00000000a3100000)
 Metaspace       used 34533K, capacity 35332K, committed 35496K, reserved 1079296K
  class space    used 4592K, capacity 4837K, committed 4864K, reserved 1048576K
}

